000001.226604 (000.003827)  Rx() ID = 00 Ret = 0019 Sz = 02048 Blk = 1 Data:  00 11 EE B0 00 20 FF 00 03 00 FF 10 21 00 00 00 FF D0 FF
000001.229335 (000.002732)  Rx() ID = 00 Ret = 0019 Sz = 02048 Blk = 1 Data:  00 11 EE B2 00 00 00 00 03 03 00 39 00 19 00 00 00 00 00
000001.232766 (000.003431)  Rx() ID = 00 Ret = 0019 Sz = 02048 Blk = 1 Data:  00 11 EE B3 00 F2 FE 00 06 00 FF 00 00 FF FF FF FF FF FF
000001.237029 (000.004263)  Rx() ID = 00 Ret = 0019 Sz = 02048 Blk = 1 Data:  00 11 EE C5 00 00 00 00 03 03 00 39 00 19 00 00 00 00 00
000001.237999 (000.000970)  Rx() ID = 00 Ret = 0019 Sz = 02048 Blk = 1 Data:  00 11 EE C7 00 23 FF 00 03 03 FF 10 10 00 FD 43 FF FF 01
000001.239234 (000.001234)  Rx() ID = 00 Ret = 0019 Sz = 02048 Blk = 1 Data:  00 11 EE C8 00 04 F0 00 03 00 FF FE 7D 7D 00 00 FF FF FF
000001.246644 (000.007411)  Rx() ID = 00 Ret = 0019 Sz = 02048 Blk = 1 Data:  00 11 EE D9 00 20 FF 00 03 00 FF 10 21 00 00 00 FF D0 FF
000001.247660 (000.001016)  Rx() ID = 00 Ret = 0019 Sz = 02048 Blk = 1 Data:  00 11 EE DA 00 00 00 00 03 03 00 39 00 19 00 00 00 00 00
000001.252860 (000.005200)  Rx() ID = 00 Ret = 0019 Sz = 02048 Blk = 1 Data:  00 11 EE DB 00 03 F0 00 03 00 FF F1 FF 00 00 FF FF 00 FF
000001.256478 (000.003619)  Rx() ID = 00 Ret = 0019 Sz = 02048 Blk = 1 Data:  00 11 EE EC 00 03 F0 00 03 05 FF 00 00 00 00 00 00 00 00
000001.262343 (000.005865)  Rx() ID = 00 Ret = 0019 Sz = 02048 Blk = 1 Data:  00 11 EE EE 00 00 00 00 03 03 00 39 00 19 00 00 00 00 00
000001.266637 (000.004294)  Rx() ID = 00 Ret = 0019 Sz = 02048 Blk = 1 Data:  00 11 EE EF 00 01 F0 00 06 00 FF FF FF FF 3F FF FF FF FF
000001.270282 (000.003645)  Rx() ID = 00 Ret = 0019 Sz = 02048 Blk = 1 Data:  00 11 EE F0 00 23 FF 00 03 03 FF 10 10 00 FD 43 FF FF 01
000001.273877 (000.003594)  Rx() ID = 00 Ret = 0019 Sz = 02048 Blk = 1 Data:  00 11 EE F1 00 04 F0 00 03 00 FF FE 7D 7D 00 00 FF FF FF
000001.276810 (000.002933)  Rx() ID = 00 Ret = 0019 Sz = 02048 Blk = 1 Data:  00 11 EF 00 00 20 FF 00 03 00 FF 10 21 00 00 00 FF D0 FF
000001.280642 (000.003832)  Rx() ID = 00 Ret = 0019 Sz = 02048 Blk = 1 Data:  00 11 EF 01 00 00 00 00 03 03 00 39 00 19 00 00 00 00 00
000001.284427 (000.003785)  Rx() ID = 00 Ret = 0019 Sz = 02048 Blk = 1 Data:  00 11 EF 15 00 00 00 00 03 03 00 39 00 19 00 00 00 00 00
000001.288401 (000.003974)  Rx() ID = 00 Ret = 0019 Sz = 02048 Blk = 1 Data:  00 11 EF 16 00 23 FF 00 03 03 FF 10 10 00 FD 43 FF FF 01
000001.291544 (000.003143)  Rx() ID = 00 Ret = 0019 Sz = 02048 Blk = 1 Data:  00 11 EF 18 00 04 F0 00 03 00 FF FE 7D 7D 00 00 FF FF FF
000001.294631 (000.003087)  Rx() ID = 00 Ret = 0019 Sz = 02048 Blk = 1 Data:  00 11 EF 28 00 20 FF 00 03 00 FF 10 21 00 00 00 FF D0 FF
000001.299065 (000.004433)  Rx() ID = 00 Ret = 0019 Sz = 02048 Blk = 1 Data:  00 11 EF 29 00 00 00 00 03 03 00 39 00 19 00 00 00 00 00
000001.303594 (000.004529)  Rx() ID = 00 Ret = 0019 Sz = 02048 Blk = 1 Data:  00 11 EF 2D 00 F0 FE 00 06 00 FF FF FF FF 00 00 FF 33 FF
000001.307036 (000.003443)  Rx() ID = 00 Ret = 0019 Sz = 02048 Blk = 1 Data:  00 11 EF 2E 00 00 F0 00 06 0F FF C0 7D FF FF FF FF FF FF
000001.313917 (000.006881)  Rx() ID = 00 Ret = 0019 Sz = 02048 Blk = 1 Data:  00 11 EF 3C 00 03 F0 00 03 05 FF 00 00 00 00 00 00 00 00
000001.317098 (000.003181)  Rx() ID = 00 Ret = 0019 Sz = 02048 Blk = 1 Data:  00 11 EF 3E 00 00 00 00 03 03 00 39 00 19 00 00 00 00 00
000001.320966 (000.003868)  Rx() ID = 00 Ret = 0019 Sz = 02048 Blk = 1 Data:  00 11 EF 3F 00 04 F0 00 03 00 FF FE 7D 7D 00 00 FF FF FF
000001.324702 (000.003736)  Rx() ID = 00 Ret = 0019 Sz = 02048 Blk = 1 Data:  00 11 EF 40 00 23 FF 00 03 03 FF 10 10 00 FD 43 FF FF 01
000001.327332 (000.002630)  Rx() ID = 00 Ret = 0019 Sz = 02048 Blk = 1 Data:  00 11 EF 41 00 03 F0 00 03 00 FF F1 FF 00 00 FF FF 00 FF
000001.331144 (000.003812)  Rx() ID = 00 Ret = 0019 Sz = 02048 Blk = 1 Data:  00 11 EF 50 00 20 FF 00 03 00 FF 10 21 00 00 00 FF D0 FF
000001.334617 (000.003473)  Rx() ID = 00 Ret = 0019 Sz = 02048 Blk = 1 Data:  00 11 EF 51 00 00 00 00 03 03 00 39 00 19 00 00 00 00 00
000001.337833 (000.003216)  Rx() ID = 00 Ret = 0019 Sz = 02048 Blk = 1 Data:  00 11 EF 53 00 F1 FE 00 06 00 FF FF 00 00 00 00 00 E0 C0
000001.341737 (000.003904)  Rx() ID = 00 Ret = 0019 Sz = 02048 Blk = 1 Data:  00 11 EF 65 00 00 00 00 03 03 00 39 00 19 00 00 00 00 00
000001.344096 (000.002360)  Rx() ID = 00 Ret = 0019 Sz = 02048 Blk = 1 Data:  00 11 EF 66 00 23 FF 00 03 03 FF 10 10 00 FD 43 FF FF 01
000001.347957 (000.003861)  Rx() ID = 00 Ret = 0019 Sz = 02048 Blk = 1 Data:  00 11 EF 67 00 04 F0 00 03 00 FF FE 7D 7D 00 00 FF FF FF
000001.351258 (000.003300)  Rx() ID = 00 Ret = 0019 Sz = 02048 Blk = 1 Data:  00 11 EF 78 00 20 FF 00 03 00 FF 10 21 00 00 00 FF D0 FF
000001.354926 (000.003668)  Rx() ID = 00 Ret = 0019 Sz = 02048 Blk = 1 Data:  00 11 EF 79 00 00 00 00 03 03 00 39 00 19 00 00 00 00 00
000001.358766 (000.003840)  Rx() ID = 00 Ret = 0019 Sz = 02048 Blk = 1 Data:  00 11 EF 7A 00 22 FF 00 03 00 FF 41 FF FF FF FF FF FF FF
000001.363068 (000.004302)  Rx() ID = 00 Ret = 0019 Sz = 02048 Blk = 1 Data:  00 11 EF 7C 00 F2 FE 00 06 00 FF 00 00 FF FF FF FF FF FF
000001.367371 (000.004302)  Rx() ID = 00 Ret = 0019 Sz = 02048 Blk = 1 Data:  00 11 EF 8C 00 03 F0 00 03 05 FF 00 00 00 00 00 00 00 00
000001.371258 (000.003887)  Rx() ID = 00 Ret = 0019 Sz = 02048 Blk = 1 Data:  00 11 EF 8E 00 00 00 00 03 03 00 39 00 19 00 00 00 00 00
000001.376715 (000.005457)  Rx() ID = 00 Ret = 0019 Sz = 02048 Blk = 1 Data:  00 11 EF 8F 00 24 FF 00 03 03 FF 41 51 26 05 00 FF FF FF
000001.381595 (000.004880)  Rx() ID = 00 Ret = 0019 Sz = 02048 Blk = 1 Data:  00 11 EF 90 00 04 F0 00 03 00 FF FE 7D 7D 00 00 FF FF FF
000001.386102 (000.004507)  Rx() ID = 00 Ret = 0019 Sz = 02048 Blk = 1 Data:  00 11 EF 91 00 23 FF 00 03 03 FF 10 10 00 FD 43 FF FF 01
000001.390688 (000.004586)  Rx() ID = 00 Ret = 0019 Sz = 02048 Blk = 1 Data:  00 11 EF A0 00 20 FF 00 03 00 FF 10 21 00 00 00 FF D0 FF
000001.394890 (000.004202)  Rx() ID = 00 Ret = 0019 Sz = 02048 Blk = 1 Data:  00 11 EF A1 00 00 00 00 03 03 00 39 00 19 00 00 00 00 00
000001.399925 (000.005035)  Rx() ID = 00 Ret = 0019 Sz = 02048 Blk = 1 Data:  00 11 EF A3 00 03 F0 00 03 00 FF F1 FF 00 00 FF FF 00 FF
000001.404308 (000.004383)  Rx() ID = 00 Ret = 0019 Sz = 02048 Blk = 1 Data:  00 11 EF B5 00 00 00 00 03 03 00 39 00 19 00 00 00 00 00
000001.413302 (000.008995)  Rx() ID = 00 Ret = 0019 Sz = 02048 Blk = 1 Data:  00 11 EF B6 00 23 FF 00 03 03 FF 10 10 00 FD 43 FF FF 01
000001.418394 (000.005092)  Rx() ID = 00 Ret = 0019 Sz = 02048 Blk = 1 Data:  00 11 EF B7 00 01 F0 00 06 00 FF FF FF FF 3F FF FF FF FF
000001.423435 (000.005041)  Rx() ID = 00 Ret = 0019 Sz = 02048 Blk = 1 Data:  00 11 EF B9 00 04 F0 00 03 00 FF FE 7D 7D 00 00 FF FF FF
000001.428654 (000.005219)  Rx() ID = 00 Ret = 0019 Sz = 02048 Blk = 1 Data:  00 11 EF C8 00 20 FF 00 03 00 FF 10 21 00 00 00 FF D0 FF
000001.432868 (000.004214)  Rx() ID = 00 Ret = 0019 Sz = 02048 Blk = 1 Data:  00 11 EF C9 00 00 00 00 03 03 00 39 00 19 00 00 00 00 00
000001.437342 (000.004474)  Rx() ID = 00 Ret = 0019 Sz = 02048 Blk = 1 Data:  00 11 EF DB 00 03 F0 00 03 05 FF 00 00 00 00 00 00 00 00
000001.442983 (000.005641)  Rx() ID = 00 Ret = 0019 Sz = 02048 Blk = 1 Data:  00 11 EF DD 00 00 00 00 03 03 00 39 00 19 00 00 00 00 00
000001.447069 (000.004086)  Rx() ID = 00 Ret = 0019 Sz = 02048 Blk = 1 Data:  00 11 EF DF 00 23 FF 00 03 03 FF 10 10 00 FD 43 FF FF 01
000001.451248 (000.004179)  Rx() ID = 00 Ret = 0019 Sz = 02048 Blk = 1 Data:  00 11 EF E0 00 04 F0 00 03 00 FF FE 7D 7D 00 00 FF FF FF
000001.455982 (000.004734)  Rx() ID = 00 Ret = 0019 Sz = 02048 Blk = 1 Data:  00 11 EF F0 00 20 FF 00 03 00 FF 10 21 00 00 00 FF D0 FF
000001.460623 (000.004641)  Rx() ID = 00 Ret = 0019 Sz = 02048 Blk = 1 Data:  00 11 EF F1 00 00 00 00 03 03 00 39 00 19 00 00 00 00 00
000001.465222 (000.004599)  Rx() ID = 00 Ret = 0019 Sz = 02048 Blk = 1 Data:  00 11 EF F3 00 F0 FE 00 06 00 FF FF FF FF 00 00 FF 33 FF
000001.469965 (000.004743)  Rx() ID = 00 Ret = 0019 Sz = 02048 Blk = 1 Data:  00 11 EF F4 00 00 F0 00 06 0F FF C0 7D FF FF FF FF FF FF
000001.475136 (000.005171)  Rx() ID = 00 Ret = 0019 Sz = 02048 Blk = 1 Data:  00 11 F0 05 00 00 00 00 03 03 00 39 00 19 00 00 00 00 00
000001.479991 (000.004855)  Rx() ID = 00 Ret = 0019 Sz = 02048 Blk = 1 Data:  00 11 F0 06 00 23 FF 00 03 03 FF 10 10 00 FD 43 FF FF 01
000001.484704 (000.004713)  Rx() ID = 00 Ret = 0019 Sz = 02048 Blk = 1 Data:  00 11 F0 07 00 04 F0 00 03 00 FF FE 7D 7D 00 00 FF FF FF
000001.489303 (000.004599)  Rx() ID = 00 Ret = 0019 Sz = 02048 Blk = 1 Data:  00 11 F0 08 00 03 F0 00 03 00 FF F1 FF 00 00 FF FF 00 FF
000001.493466 (000.004163)  Rx() ID = 00 Ret = 0019 Sz = 02048 Blk = 1 Data:  00 11 F0 18 00 20 FF 00 03 00 FF 10 21 00 00 00 FF D0 FF
000001.497833 (000.004367)  Rx() ID = 00 Ret = 0019 Sz = 02048 Blk = 1 Data:  00 11 F0 19 00 00 00 00 03 03 00 39 00 19 00 00 00 00 00
000001.503543 (000.005711)  Rx() ID = 00 Ret = 0019 Sz = 02048 Blk = 1 Data:  00 11 F0 1B 00 F1 FE 00 06 00 FF FF 00 00 00 00 00 E0 C0
000001.508306 (000.004763)  Rx() ID = 00 Ret = 0019 Sz = 02048 Blk = 1 Data:  00 11 F0 2B 00 03 F0 00 03 05 FF 00 00 00 00 00 00 00 00
000001.511513 (000.003207)  Rx() ID = 00 Ret = 0019 Sz = 02048 Blk = 1 Data:  00 11 F0 2D 00 00 00 00 03 03 00 39 00 19 00 00 00 00 00
000001.518572 (000.007059)  Rx() ID = 00 Ret = 0019 Sz = 02048 Blk = 1 Data:  00 11 F0 2F 00 23 FF 00 03 03 FF 10 10 00 FD 43 FF FF 01
000001.522783 (000.004211)  Rx() ID = 00 Ret = 0019 Sz = 02048 Blk = 1 Data:  00 11 F0 30 00 04 F0 00 03 00 FF FE 7D 7D 00 00 FF FF FF
000001.526941 (000.004158)  Rx() ID = 00 Ret = 0019 Sz = 02048 Blk = 1 Data:  00 11 F0 40 00 20 FF 00 03 00 FF 10 21 00 00 00 FF D0 FF
000001.531692 (000.004750)  Rx() ID = 00 Ret = 0019 Sz = 02048 Blk = 1 Data:  00 11 F0 41 00 00 00 00 03 03 00 39 00 19 00 00 00 00 00
000001.535933 (000.004242)  Rx() ID = 00 Ret = 0019 Sz = 02048 Blk = 1 Data:  00 11 F0 43 00 F2 FE 00 06 00 FF 00 00 FF FF FF FF FF FF
000001.540449 (000.004516)  Rx() ID = 00 Ret = 0019 Sz = 02048 Blk = 1 Data:  00 11 F0 55 00 00 00 00 03 03 00 39 00 19 00 00 00 00 00
000001.544964 (000.004515)  Rx() ID = 00 Ret = 0019 Sz = 02048 Blk = 1 Data:  00 11 F0 56 00 23 FF 00 03 03 FF 10 10 00 FD 43 FF FF 01
000001.549683 (000.004719)  Rx() ID = 00 Ret = 0019 Sz = 02048 Blk = 1 Data:  00 11 F0 57 00 04 F0 00 03 00 FF FE 7D 7D 00 00 FF FF FF
000001.553954 (000.004271)  Rx() ID = 00 Ret = 0014 Sz = 02048 Blk = 1 Data:  00 11 F0 67 00 00 EA 00 06 00 00 E5 FE 00
000001.558284 (000.004330)  Rx() ID = 00 Ret = 0019 Sz = 02048 Blk = 1 Data:  00 11 F0 68 00 CB FD 00 06 05 FF FF 00 FF FF FF FF FF FF
000001.562337 (000.004052)  Rx() ID = 00 Ret = 0019 Sz = 02048 Blk = 1 Data:  00 11 F0 69 00 00 00 00 03 03 00 39 00 19 00 00 00 00 00
000001.568050 (000.005714)  Rx() ID = 00 Ret = 0019 Sz = 02048 Blk = 1 Data:  00 11 F0 6A 00 20 FF 00 03 00 FF 10 21 00 00 00 FF D0 FF
000001.572173 (000.004123)  Rx() ID = 00 Ret = 0019 Sz = 02048 Blk = 1 Data:  00 11 F0 6C 00 03 F0 00 03 00 FF F1 FF 00 00 FF FF 00 FF
000001.576067 (000.003894)  Rx() ID = 00 Ret = 0019 Sz = 02048 Blk = 1 Data:  00 11 F0 75 00 E5 FE 00 06 00 FF 14 A5 00 00 FF FF FF FF
000001.580590 (000.004523)  Rx() ID = 00 Ret = 0019 Sz = 02048 Blk = 1 Data:  00 11 F0 7B 00 03 F0 00 03 05 FF 00 00 00 00 00 00 00 00
000001.584896 (000.004305)  Rx() ID = 00 Ret = 0019 Sz = 02048 Blk = 1 Data:  00 11 F0 7D 00 00 00 00 03 03 00 39 00 19 00 00 00 00 00
000001.588937 (000.004042)  Rx() ID = 00 Ret = 0019 Sz = 02048 Blk = 1 Data:  00 11 F0 7F 00 23 FF 00 03 03 FF 10 10 00 FD 43 FF FF 01
000001.593514 (000.004577)  Rx() ID = 00 Ret = 0019 Sz = 02048 Blk = 1 Data:  00 11 F0 80 00 01 F0 00 06 00 FF FF FF FF 3F FF FF FF FF
000001.597630 (000.004115)  Rx() ID = 00 Ret = 0019 Sz = 02048 Blk = 1 Data:  00 11 F0 81 00 04 F0 00 03 00 FF FE 7D 7D 00 00 FF FF FF
000001.601677 (000.004047)  Rx() ID = 00 Ret = 0019 Sz = 02048 Blk = 1 Data:  00 11 F0 90 00 20 FF 00 03 00 FF 10 21 00 00 00 FF D0 FF
000001.604433 (000.002756)  Rx() ID = 00 Ret = 0019 Sz = 02048 Blk = 1 Data:  00 11 F0 91 00 00 00 00 03 03 00 39 00 19 00 00 00 00 00
000001.608795 (000.004361)  Rx() ID = 00 Ret = 0019 Sz = 02048 Blk = 1 Data:  00 11 F0 93 00 DF FE 00 06 00 FF 81 E0 2E 7D FB FF FF FF
000001.613309 (000.004514)  Rx() ID = 00 Ret = 0019 Sz = 02048 Blk = 1 Data:  00 11 F0 A4 00 00 00 00 03 03 00 39 00 19 00 00 00 00 00
000001.618512 (000.005203)  Rx() ID = 00 Ret = 0019 Sz = 02048 Blk = 1 Data:  00 11 F0 A6 00 23 FF 00 03 03 FF 10 10 00 FD 43 FF FF 01
000001.622722 (000.004210)  Rx() ID = 00 Ret = 0019 Sz = 02048 Blk = 1 Data:  00 11 F0 A8 00 04 F0 00 03 00 FF FE 7D 7D 00 00 FF FF FF
000001.626811 (000.004089)  Rx() ID = 00 Ret = 0019 Sz = 02048 Blk = 1 Data:  00 11 F0 B7 00 20 FF 00 03 00 FF 10 21 00 00 00 FF D0 FF
000001.632414 (000.005602)  Rx() ID = 00 Ret = 0019 Sz = 02048 Blk = 1 Data:  00 11 F0 B9 00 00 00 00 03 03 00 39 00 19 00 00 00 00 00
000001.636960 (000.004546)  Rx() ID = 00 Ret = 0019 Sz = 02048 Blk = 1 Data:  00 11 F0 BC 00 BD FE 00 06 00 FF ED F0 FF FF FF FF FF FF
000001.642364 (000.005404)  Rx() ID = 00 Ret = 0019 Sz = 02048 Blk = 1 Data:  00 11 F0 BD 00 F0 FE 00 06 00 FF FF FF FF 00 00 FF 33 FF
000001.647429 (000.005065)  Rx() ID = 00 Ret = 0019 Sz = 02048 Blk = 1 Data:  00 11 F0 BF 00 00 F0 00 06 0F FF C0 7D FF FF FF FF FF FF
000001.652164 (000.004735)  Rx() ID = 00 Ret = 0019 Sz = 02048 Blk = 1 Data:  00 11 F0 CB 00 03 F0 00 03 05 FF 00 00 00 00 00 00 00 00